<?xml version="1.0" encoding="UTF-8"?>
<!-- Generated by org.testng.reporters.JUnitReportReporter -->
<testsuite hostname="DESKTOP-NDCGJVT" failures="0" tests="6" name="dataProvider.DPdemo" time="0.032" errors="0" timestamp="15 Jun 2019 04:45:52 GMT" skipped="0">
  <testcase classname="dataProvider.DPdemo" name="m1" time="0.000"/>
  <testcase classname="dataProvider.DPdemo" name="m1" time="0.000"/>
  <testcase classname="dataProvider.DPdemo" name="m2" time="0.000"/>
  <testcase classname="dataProvider.DPdemo" name="m1" time="0.016"/>
  <testcase classname="dataProvider.DPdemo" name="m2" time="0.000"/>
  <testcase classname="dataProvider.DPdemo" name="m2" time="0.016"/>
</testsuite> <!-- dataProvider.DPdemo -->
