<?xml version="1.0" encoding="UTF-8"?>
<!-- Generated by org.testng.reporters.JUnitReportReporter -->
<testsuite hostname="DESKTOP-NDCGJVT" failures="0" tests="1" name="goups.ParameterP" time="0.021" errors="0" timestamp="9 Jun 2019 04:26:10 GMT">
  <testcase classname="goups.ParameterP" name="Try" time="0.021"/>
</testsuite> <!-- goups.ParameterP -->
