<?xml version="1.0" encoding="UTF-8"?>
<!-- Generated by org.testng.reporters.JUnitReportReporter -->
<testsuite hostname="DESKTOP-NDCGJVT" failures="0" tests="3" name="Listners.TestCases" time="0.031" errors="0" timestamp="22 Jun 2019 04:06:09 GMT" skipped="0">
  <testcase classname="Listners.TestCases" name="m2" time="0.016"/>
  <testcase classname="Listners.TestCases" name="m3" time="0.000"/>
  <testcase classname="Listners.TestCases" name="m1" time="0.015"/>
</testsuite> <!-- Listners.TestCases -->
