<?xml version="1.0" encoding="UTF-8"?>
<!-- Generated by org.testng.reporters.JUnitReportReporter -->
<testsuite hostname="DESKTOP-NDCGJVT" failures="0" tests="1" name="XpathDemo.XpathDemo" time="3.376" errors="0" timestamp="25 Jun 2019 18:39:07 GMT" skipped="0">
  <testcase classname="XpathDemo.XpathDemo" name="Click" time="3.376"/>
</testsuite> <!-- XpathDemo.XpathDemo -->
