<?xml version="1.0" encoding="UTF-8"?>
<!-- Generated by org.testng.reporters.JUnitReportReporter -->
<testsuite hostname="DESKTOP-NDCGJVT" failures="0" tests="6" name="goups.Demo" time="0.032" errors="0" timestamp="8 Jun 2019 04:17:13 GMT">
  <testcase classname="goups.Demo" name="m1" time="0.000"/>
  <testcase classname="goups.Demo" name="m2" time="0.016"/>
  <testcase classname="goups.Demo" name="m3" time="0.000"/>
  <testcase classname="goups.Demo" name="m6" time="0.000"/>
  <testcase classname="goups.Demo" name="m5" time="0.000"/>
  <testcase classname="goups.Demo" name="m4" time="0.016"/>
</testsuite> <!-- goups.Demo -->
