<?xml version="1.0" encoding="UTF-8"?>
<!-- Generated by org.testng.reporters.JUnitReportReporter -->
<testsuite hostname="DESKTOP-NDCGJVT" failures="0" tests="3" name="alertPopupFrameWindow.Alert" time="8.704" errors="0" timestamp="25 Jun 2019 20:09:49 GMT" skipped="0">
  <testcase classname="alertPopupFrameWindow.Alert" name="A" time="5.728"/>
  <testcase classname="alertPopupFrameWindow.Alert" name="B" time="0.165"/>
  <testcase classname="alertPopupFrameWindow.Alert" name="Calender" time="2.811"/>
</testsuite> <!-- alertPopupFrameWindow.Alert -->
