<?xml version="1.0" encoding="UTF-8"?>
<!-- Generated by org.testng.reporters.JUnitReportReporter -->
<testsuite hostname="DESKTOP-NDCGJVT" failures="0" tests="6" name="goups.Demo2" time="0.031" errors="0" timestamp="8 Jun 2019 04:17:13 GMT">
  <testcase classname="goups.Demo2" name="m15" time="0.000"/>
  <testcase classname="goups.Demo2" name="m11" time="0.016"/>
  <testcase classname="goups.Demo2" name="m16" time="0.000"/>
  <testcase classname="goups.Demo2" name="m13" time="0.000"/>
  <testcase classname="goups.Demo2" name="m14" time="0.015"/>
  <testcase classname="goups.Demo2" name="m12" time="0.000"/>
</testsuite> <!-- goups.Demo2 -->
