<?xml version="1.0" encoding="UTF-8"?>
<!-- Generated by org.testng.reporters.JUnitReportReporter -->
<testsuite hostname="DESKTOP-NDCGJVT" failures="0" tests="3" name="dataProvider.DPdemo2" time="0.027" errors="0" timestamp="15 Jun 2019 04:36:52 GMT">
  <testcase classname="dataProvider.DPdemo2" name="m2" time="0.018"/>
  <testcase classname="dataProvider.DPdemo2" name="m2" time="0.003"/>
  <testcase classname="dataProvider.DPdemo2" name="m2" time="0.006"/>
</testsuite> <!-- dataProvider.DPdemo2 -->
