<?xml version="1.0" encoding="UTF-8"?>
<!-- Generated by org.testng.reporters.JUnitReportReporter -->
<testsuite hostname="DESKTOP-NDCGJVT" failures="0" tests="1" name="xpaths.ToolsQaIsSelected" time="27.676" errors="0" timestamp="03 Jul 2019 14:06:14 GMT" skipped="0">
  <testcase classname="xpaths.ToolsQaIsSelected" name="WebSiteLaunch" time="27.676"/>
</testsuite> <!-- xpaths.ToolsQaIsSelected -->
