<?xml version="1.0" encoding="UTF-8"?>
<!-- Generated by org.testng.reporters.JUnitReportReporter -->
<testsuite hostname="DESKTOP-NDCGJVT" failures="0" tests="1" name="xpaths.ToolsQa" time="19.760" errors="0" timestamp="03 Jul 2019 13:48:05 GMT" skipped="0">
  <testcase classname="xpaths.ToolsQa" name="WebSiteLaunch" time="19.760"/>
</testsuite> <!-- xpaths.ToolsQa -->
