<?xml version="1.0" encoding="UTF-8"?>
<!-- Generated by org.testng.reporters.JUnitReportReporter -->
<testsuite hostname="DESKTOP-NDCGJVT" failures="0" tests="1" name="navigationDemo.NavigationForwardBack" time="46.360" errors="0" timestamp="05 Jul 2019 12:03:44 GMT" skipped="0">
  <testcase classname="navigationDemo.NavigationForwardBack" name="Wbpage" time="46.360"/>
</testsuite> <!-- navigationDemo.NavigationForwardBack -->
