<?xml version="1.0" encoding="UTF-8"?>
<!-- Generated by org.testng.reporters.JUnitReportReporter -->
<testsuite hostname="DESKTOP-NDCGJVT" failures="0" tests="2" name="WindowAndFrame.SkymetFrame" time="70.826" errors="0" timestamp="28 Jun 2019 13:09:56 GMT" skipped="0">
  <testcase classname="WindowAndFrame.SkymetFrame" name="frmae" time="6.709"/>
  <testcase classname="WindowAndFrame.SkymetFrame" name="driver" time="64.117"/>
</testsuite> <!-- WindowAndFrame.SkymetFrame -->
