<?xml version="1.0" encoding="UTF-8"?>
<!-- Generated by org.testng.reporters.JUnitReportReporter -->
<testsuite hostname="DESKTOP-NDCGJVT" failures="0" tests="5" name="TestNgPrg.AnnotationDemo" time="0.015" errors="0" timestamp="08 Jun 2019 04:47:54 GMT" skipped="0">
  <testcase classname="TestNgPrg.AnnotationDemo" name="m2" time="0.000"/>
  <testcase classname="TestNgPrg.AnnotationDemo" name="m2" time="0.000"/>
  <testcase classname="TestNgPrg.AnnotationDemo" name="m3" time="0.015"/>
  <testcase classname="TestNgPrg.AnnotationDemo" name="m1" time="0.000"/>
  <testcase classname="TestNgPrg.AnnotationDemo" name="m2" time="0.000"/>
</testsuite> <!-- TestNgPrg.AnnotationDemo -->
