<?xml version="1.0" encoding="UTF-8"?>
<!-- Generated by org.testng.reporters.JUnitReportReporter -->
<testsuite hostname="DESKTOP-NDCGJVT" failures="0" tests="2" name="screenshootDemo.ScreenShotDemo1" time="79.249" errors="0" timestamp="05 Jul 2019 17:20:51 GMT" skipped="0">
  <testcase classname="screenshootDemo.ScreenShotDemo1" name="Screenshoot" time="1.330"/>
  <testcase classname="screenshootDemo.ScreenShotDemo1" name="ASiteLaunch" time="77.919"/>
</testsuite> <!-- screenshootDemo.ScreenShotDemo1 -->
